<?xml version="1.0" encoding="UTF-8"?>
<!-- Generated by org.testng.reporters.JUnitReportReporter -->
<testsuite skipped="0" hostname="Ms-MacBook-Pro.attlocal.net" name="validations.GetDeckOfCardsTests" tests="4" failures="0" timestamp="17 Apr 2020 22:15:12 GMT" time="54.339" errors="0">
  <testcase name="validateSuccessResponseForWithDrawFromDeckOf52" time="24.437" classname="validations.GetDeckOfCardsTests"/>
  <testcase name="validateSuccessResponseForWithDrawFromDeckOf54" time="25.376" classname="validations.GetDeckOfCardsTests"/>
  <testcase name="validateFailureResponseCodeForDraw" time="3.495" classname="validations.GetDeckOfCardsTests"/>
  <testcase name="validateSuccessResponseCodeFromDrawCard" time="1.031" classname="validations.GetDeckOfCardsTests"/>
</testsuite> <!-- validations.GetDeckOfCardsTests -->
