<?xml version="1.0" encoding="UTF-8"?>
<!-- Generated by org.testng.reporters.JUnitReportReporter -->
<testsuite skipped="0" hostname="Ms-MacBook-Pro.attlocal.net" name="validations.DrawACardTests" tests="4" failures="0" timestamp="17 Apr 2020 22:15:12 GMT" time="1.441" errors="0">
  <testcase name="validateSuccessResponseContentWithJokers" time="0.207" classname="validations.DrawACardTests"/>
  <testcase name="validateSuccessResponseCodeWithOutJokers" time="0.523" classname="validations.DrawACardTests"/>
  <testcase name="validateSuccessResponseCodeWithJokers" time="0.193" classname="validations.DrawACardTests"/>
  <testcase name="validateSuccessResponseContentWithOutJokers" time="0.518" classname="validations.DrawACardTests"/>
</testsuite> <!-- validations.DrawACardTests -->
